2021-11-15T08:03:01+00:00 CRITICAL syntax error, unexpected end of file у C:\MAMP\htdocs\wp-content\themes\lanesta\header.php доступно 137

2021-11-15T08:03:03+00:00 CRITICAL syntax error, unexpected end of file у C:\MAMP\htdocs\wp-content\themes\lanesta\header.php доступно 137

2021-11-15T10:08:21+00:00 CRITICAL Uncaught Error: Call to undefined function sober_get_option() in C:\MAMP\htdocs\wp-content\themes\lanesta\template-parts\content.php:11
Stack trace:
#0 C:\MAMP\htdocs\wp-includes\template.php(772): require()
#1 C:\MAMP\htdocs\wp-includes\template.php(716): load_template('C:\\MAMP\\htdocs/...', false, Array)
#2 C:\MAMP\htdocs\wp-includes\general-template.php(204): locate_template(Array, true, false, Array)
#3 C:\MAMP\htdocs\wp-content\themes\lanesta\index.php(40): get_template_part('template-parts/...', 'post')
#4 C:\MAMP\htdocs\wp-includes\template-loader.php(106): include('C:\\MAMP\\htdocs\\...')
#5 C:\MAMP\htdocs\wp-blog-header.php(19): require_once('C:\\MAMP\\htdocs\\...')
#6 C:\MAMP\htdocs\index.php(17): require('C:\\MAMP\\htdocs\\...')
#7 {main}
  thrown у C:\MAMP\htdocs\wp-content\themes\lanesta\template-parts\content.php доступно 11

2021-11-15T10:08:50+00:00 CRITICAL Uncaught Error: Call to undefined function lanesta_get_option() in C:\MAMP\htdocs\wp-content\themes\lanesta\template-parts\content.php:11
Stack trace:
#0 C:\MAMP\htdocs\wp-includes\template.php(772): require()
#1 C:\MAMP\htdocs\wp-includes\template.php(716): load_template('C:\\MAMP\\htdocs/...', false, Array)
#2 C:\MAMP\htdocs\wp-includes\general-template.php(204): locate_template(Array, true, false, Array)
#3 C:\MAMP\htdocs\wp-content\themes\lanesta\index.php(40): get_template_part('template-parts/...', 'post')
#4 C:\MAMP\htdocs\wp-includes\template-loader.php(106): include('C:\\MAMP\\htdocs\\...')
#5 C:\MAMP\htdocs\wp-blog-header.php(19): require_once('C:\\MAMP\\htdocs\\...')
#6 C:\MAMP\htdocs\index.php(17): require('C:\\MAMP\\htdocs\\...')
#7 {main}
  thrown у C:\MAMP\htdocs\wp-content\themes\lanesta\template-parts\content.php доступно 11

2021-11-15T10:09:15+00:00 CRITICAL Uncaught Error: Call to undefined function sober_entry_meta() in C:\MAMP\htdocs\wp-content\themes\lanesta\template-parts\content.php:39
Stack trace:
#0 C:\MAMP\htdocs\wp-includes\template.php(772): require()
#1 C:\MAMP\htdocs\wp-includes\template.php(716): load_template('C:\\MAMP\\htdocs/...', false, Array)
#2 C:\MAMP\htdocs\wp-includes\general-template.php(204): locate_template(Array, true, false, Array)
#3 C:\MAMP\htdocs\wp-content\themes\lanesta\index.php(40): get_template_part('template-parts/...', 'post')
#4 C:\MAMP\htdocs\wp-includes\template-loader.php(106): include('C:\\MAMP\\htdocs\\...')
#5 C:\MAMP\htdocs\wp-blog-header.php(19): require_once('C:\\MAMP\\htdocs\\...')
#6 C:\MAMP\htdocs\index.php(17): require('C:\\MAMP\\htdocs\\...')
#7 {main}
  thrown у C:\MAMP\htdocs\wp-content\themes\lanesta\template-parts\content.php доступно 39

2021-11-15T11:10:21+00:00 CRITICAL Uncaught Error: Object of class WP_Term could not be converted to string in C:\MAMP\htdocs\wp-content\themes\lanesta\template-parts\content.php:30
Stack trace:
#0 C:\MAMP\htdocs\wp-includes\template.php(772): require()
#1 C:\MAMP\htdocs\wp-includes\template.php(716): load_template('C:\\MAMP\\htdocs/...', false, Array)
#2 C:\MAMP\htdocs\wp-includes\general-template.php(204): locate_template(Array, true, false, Array)
#3 C:\MAMP\htdocs\wp-content\themes\lanesta\index.php(21): get_template_part('template-parts/...', 'post')
#4 C:\MAMP\htdocs\wp-includes\template-loader.php(106): include('C:\\MAMP\\htdocs\\...')
#5 C:\MAMP\htdocs\wp-blog-header.php(19): require_once('C:\\MAMP\\htdocs\\...')
#6 C:\MAMP\htdocs\index.php(17): require('C:\\MAMP\\htdocs\\...')
#7 {main}
  thrown у C:\MAMP\htdocs\wp-content\themes\lanesta\template-parts\content.php доступно 30

2021-11-15T11:22:34+00:00 CRITICAL syntax error, unexpected end of file у C:\MAMP\htdocs\wp-content\themes\lanesta\template-parts\content.php доступно 39

2021-11-15T11:40:43+00:00 CRITICAL Uncaught Error: Call to undefined function post_thumbnail() in C:\MAMP\htdocs\wp-content\themes\lanesta\template-parts\content.php:16
Stack trace:
#0 C:\MAMP\htdocs\wp-includes\template.php(772): require()
#1 C:\MAMP\htdocs\wp-includes\template.php(716): load_template('C:\\MAMP\\htdocs/...', false, Array)
#2 C:\MAMP\htdocs\wp-includes\general-template.php(204): locate_template(Array, true, false, Array)
#3 C:\MAMP\htdocs\wp-content\themes\lanesta\single.php(21): get_template_part('template-parts/...', 'post')
#4 C:\MAMP\htdocs\wp-includes\template-loader.php(106): include('C:\\MAMP\\htdocs\\...')
#5 C:\MAMP\htdocs\wp-blog-header.php(19): require_once('C:\\MAMP\\htdocs\\...')
#6 C:\MAMP\htdocs\index.php(17): require('C:\\MAMP\\htdocs\\...')
#7 {main}
  thrown у C:\MAMP\htdocs\wp-content\themes\lanesta\template-parts\content.php доступно 16

2021-11-15T11:51:55+00:00 CRITICAL syntax error, unexpected 'endif' (T_ENDIF) у C:\MAMP\htdocs\wp-content\themes\lanesta\single.php доступно 30

2021-11-15T11:52:02+00:00 CRITICAL syntax error, unexpected ')' у C:\MAMP\htdocs\wp-content\themes\lanesta\single.php доступно 29

2021-11-15T11:58:14+00:00 CRITICAL Uncaught Error: Call to undefined function get_ID() in C:\MAMP\htdocs\wp-content\themes\lanesta\index.php:33
Stack trace:
#0 C:\MAMP\htdocs\wp-includes\template-loader.php(106): include()
#1 C:\MAMP\htdocs\wp-blog-header.php(19): require_once('C:\\MAMP\\htdocs\\...')
#2 C:\MAMP\htdocs\index.php(17): require('C:\\MAMP\\htdocs\\...')
#3 {main}
  thrown у C:\MAMP\htdocs\wp-content\themes\lanesta\index.php доступно 33

2021-11-15T12:00:05+00:00 CRITICAL Uncaught Error: Call to undefined function get_ID() in C:\MAMP\htdocs\wp-content\themes\lanesta\index.php:47
Stack trace:
#0 C:\MAMP\htdocs\wp-includes\template-loader.php(106): include()
#1 C:\MAMP\htdocs\wp-blog-header.php(19): require_once('C:\\MAMP\\htdocs\\...')
#2 C:\MAMP\htdocs\index.php(17): require('C:\\MAMP\\htdocs\\...')
#3 {main}
  thrown у C:\MAMP\htdocs\wp-content\themes\lanesta\index.php доступно 47

2021-11-15T12:21:35+00:00 CRITICAL syntax error, unexpected ')' у C:\MAMP\htdocs\wp-content\themes\lanesta\index.php доступно 32

2021-11-15T12:35:10+00:00 CRITICAL syntax error, unexpected '<' у C:\MAMP\htdocs\wp-content\themes\lanesta\single.php доступно 74

2021-11-15T12:49:44+00:00 CRITICAL syntax error, unexpected 'echo' (T_ECHO), expecting ';' or ',' у C:\MAMP\htdocs\wp-content\themes\lanesta\single.php доступно 73

2021-11-15T12:49:56+00:00 CRITICAL syntax error, unexpected ''</p></div></a>'' (T_CONSTANT_ENCAPSED_STRING), expecting ';' or ',' у C:\MAMP\htdocs\wp-content\themes\lanesta\single.php доступно 73

2021-11-15T12:49:57+00:00 CRITICAL syntax error, unexpected ''</p></div></a>'' (T_CONSTANT_ENCAPSED_STRING), expecting ';' or ',' у C:\MAMP\htdocs\wp-content\themes\lanesta\single.php доступно 73

2021-11-15T12:49:58+00:00 CRITICAL syntax error, unexpected ''</p></div></a>'' (T_CONSTANT_ENCAPSED_STRING), expecting ';' or ',' у C:\MAMP\htdocs\wp-content\themes\lanesta\single.php доступно 73

2021-11-15T12:50:38+00:00 CRITICAL syntax error, unexpected 'echo' (T_ECHO), expecting ';' or ',' у C:\MAMP\htdocs\wp-content\themes\lanesta\single.php доступно 73

2021-11-15T12:50:43+00:00 CRITICAL syntax error, unexpected 'echo' (T_ECHO), expecting ';' or ',' у C:\MAMP\htdocs\wp-content\themes\lanesta\single.php доступно 73

2021-11-15T12:54:38+00:00 CRITICAL syntax error, unexpected ''</div><h4>'' (T_CONSTANT_ENCAPSED_STRING), expecting ';' or ',' у C:\MAMP\htdocs\wp-content\themes\lanesta\single.php доступно 73

2021-11-15T12:54:39+00:00 CRITICAL syntax error, unexpected ''</div><h4>'' (T_CONSTANT_ENCAPSED_STRING), expecting ';' or ',' у C:\MAMP\htdocs\wp-content\themes\lanesta\single.php доступно 73

2021-11-15T14:31:20+00:00 CRITICAL syntax error, unexpected '<' у C:\MAMP\htdocs\wp-content\themes\lanesta\page-template\page-home.php доступно 130

