2021-11-19T08:15:03+00:00 CRITICAL Maximum execution time of 30 seconds exceeded у C:\MAMP\htdocs\wp-includes\Requests\Transport\cURL.php доступно 484

2021-11-19T08:15:04+00:00 CRITICAL Maximum execution time of 30 seconds exceeded у C:\MAMP\htdocs\wp-includes\class-wp-image-editor-imagick.php доступно 160

2021-11-19T08:15:38+00:00 CRITICAL Maximum execution time of 30 seconds exceeded у C:\MAMP\htdocs\wp-includes\Requests\Transport\cURL.php доступно 462

2021-11-19T08:16:29+00:00 CRITICAL Maximum execution time of 30 seconds exceeded у C:\MAMP\htdocs\wp-includes\Requests\Transport\cURL.php доступно 462

2021-11-19T08:16:30+00:00 CRITICAL Maximum execution time of 30 seconds exceeded у C:\MAMP\htdocs\wp-includes\class-wp-image-editor-imagick.php доступно 386

2021-11-19T08:16:30+00:00 CRITICAL Maximum execution time of 30 seconds exceeded у C:\MAMP\htdocs\wp-includes\wp-db.php доступно 2056

2021-11-19T08:17:01+00:00 CRITICAL Maximum execution time of 30 seconds exceeded у C:\MAMP\htdocs\wp-includes\Requests\Transport\cURL.php доступно 462

2021-11-19T08:17:01+00:00 CRITICAL Maximum execution time of 30 seconds exceeded у C:\MAMP\htdocs\wp-content\plugins\webp-converter-for-media\src\Conversion\Method\ImagickMethod.php доступно 47

2021-11-19T08:17:06+00:00 CRITICAL Maximum execution time of 30 seconds exceeded у C:\MAMP\htdocs\wp-includes\Requests\Transport\cURL.php доступно 165

2021-11-19T08:17:51+00:00 CRITICAL Maximum execution time of 30 seconds exceeded у C:\MAMP\htdocs\wp-includes\Requests\Transport\cURL.php доступно 165

2021-11-19T08:17:52+00:00 CRITICAL Maximum execution time of 30 seconds exceeded у C:\MAMP\htdocs\wp-content\plugins\webp-converter-for-media\src\Conversion\Method\ImagickMethod.php доступно 47

2021-11-19T08:39:39+00:00 CRITICAL Maximum execution time of 30 seconds exceeded у C:\MAMP\htdocs\wp-includes\Requests\Transport\cURL.php доступно 165

2021-11-19T08:41:37+00:00 CRITICAL Maximum execution time of 30 seconds exceeded у C:\MAMP\htdocs\wp-includes\Requests\Transport\cURL.php доступно 165

2021-11-19T08:45:24+00:00 CRITICAL Maximum execution time of 30 seconds exceeded у C:\MAMP\htdocs\wp-content\plugins\webp-converter-for-media\src\Conversion\Method\ImagickMethod.php доступно 47

2021-11-19T08:45:24+00:00 CRITICAL Maximum execution time of 30 seconds exceeded у C:\MAMP\htdocs\wp-content\plugins\webp-converter-for-media\src\Conversion\Method\ImagickMethod.php доступно 47

2021-11-19T08:45:24+00:00 CRITICAL Maximum execution time of 30 seconds exceeded у C:\MAMP\htdocs\wp-content\plugins\webp-converter-for-media\src\Conversion\Method\ImagickMethod.php доступно 47

2021-11-19T08:53:10+00:00 CRITICAL Maximum execution time of 30 seconds exceeded у C:\MAMP\htdocs\wp-includes\Requests\Transport\cURL.php доступно 462

2021-11-19T08:53:11+00:00 CRITICAL Maximum execution time of 30 seconds exceeded у C:\MAMP\htdocs\wp-includes\class-wp-image-editor-imagick.php доступно 778

2021-11-19T08:53:46+00:00 CRITICAL Maximum execution time of 30 seconds exceeded у C:\MAMP\htdocs\wp-includes\Requests\Transport\cURL.php доступно 462

2021-11-19T09:14:38+00:00 CRITICAL Maximum execution time of 30 seconds exceeded у C:\MAMP\htdocs\wp-includes\class-wp-image-editor-imagick.php доступно 778

2021-11-19T09:15:17+00:00 CRITICAL Maximum execution time of 30 seconds exceeded у C:\MAMP\htdocs\wp-content\plugins\webp-converter-for-media\src\Conversion\Method\ImagickMethod.php доступно 47

2021-11-19T09:15:17+00:00 CRITICAL Maximum execution time of 30 seconds exceeded у C:\MAMP\htdocs\wp-content\plugins\webp-converter-for-media\src\Conversion\Method\ImagickMethod.php доступно 47

2021-11-19T09:15:17+00:00 CRITICAL Maximum execution time of 30 seconds exceeded у C:\MAMP\htdocs\wp-content\plugins\webp-converter-for-media\src\Conversion\Method\ImagickMethod.php доступно 47

2021-11-19T09:15:17+00:00 CRITICAL Maximum execution time of 30 seconds exceeded у C:\MAMP\htdocs\wp-content\plugins\webp-converter-for-media\src\Conversion\Method\ImagickMethod.php доступно 47

2021-11-19T09:19:21+00:00 CRITICAL Maximum execution time of 30 seconds exceeded in C:\MAMP\htdocs\wp-includes\pomo\mo.php on line 287

2021-11-19T09:19:22+00:00 CRITICAL Maximum execution time of 30 seconds exceeded у C:\MAMP\htdocs\wp-includes\class-wp-image-editor-imagick.php доступно 375

2021-11-19T09:20:05+00:00 CRITICAL Maximum execution time of 30 seconds exceeded у C:\MAMP\htdocs\wp-content\plugins\webp-converter-for-media\src\Conversion\Method\ImagickMethod.php доступно 47

2021-11-19T09:20:05+00:00 CRITICAL Maximum execution time of 30 seconds exceeded у C:\MAMP\htdocs\wp-content\plugins\webp-converter-for-media\src\Conversion\Method\ImagickMethod.php доступно 47

2021-11-19T09:20:05+00:00 CRITICAL Maximum execution time of 30 seconds exceeded у C:\MAMP\htdocs\wp-content\plugins\webp-converter-for-media\src\Conversion\Method\ImagickMethod.php доступно 47

2021-11-19T09:23:29+00:00 CRITICAL Maximum execution time of 30 seconds exceeded у C:\MAMP\htdocs\wp-includes\class-wp-image-editor-imagick.php доступно 386

2021-11-19T09:24:09+00:00 CRITICAL Maximum execution time of 30 seconds exceeded у C:\MAMP\htdocs\wp-content\plugins\webp-converter-for-media\src\Conversion\Method\ImagickMethod.php доступно 47

2021-11-19T09:24:09+00:00 CRITICAL Maximum execution time of 30 seconds exceeded у C:\MAMP\htdocs\wp-content\plugins\webp-converter-for-media\src\Conversion\Method\ImagickMethod.php доступно 47

2021-11-19T09:24:09+00:00 CRITICAL Maximum execution time of 30 seconds exceeded у C:\MAMP\htdocs\wp-content\plugins\webp-converter-for-media\src\Conversion\Method\ImagickMethod.php доступно 47

2021-11-19T09:27:36+00:00 CRITICAL Maximum execution time of 30 seconds exceeded у C:\MAMP\htdocs\wp-includes\class-wp-image-editor-imagick.php доступно 550

2021-11-19T09:28:13+00:00 CRITICAL Maximum execution time of 30 seconds exceeded у C:\MAMP\htdocs\wp-content\plugins\webp-converter-for-media\src\Conversion\Method\ImagickMethod.php доступно 47

2021-11-19T09:28:13+00:00 CRITICAL Maximum execution time of 30 seconds exceeded у C:\MAMP\htdocs\wp-content\plugins\webp-converter-for-media\src\Conversion\Method\ImagickMethod.php доступно 47

2021-11-19T09:28:13+00:00 CRITICAL Maximum execution time of 30 seconds exceeded у C:\MAMP\htdocs\wp-content\plugins\webp-converter-for-media\src\Conversion\Method\ImagickMethod.php доступно 47

2021-11-19T09:28:13+00:00 CRITICAL Maximum execution time of 30 seconds exceeded у C:\MAMP\htdocs\wp-content\plugins\webp-converter-for-media\src\Conversion\Method\ImagickMethod.php доступно 47

2021-11-19T09:34:10+00:00 CRITICAL Maximum execution time of 30 seconds exceeded у C:\MAMP\htdocs\wp-includes\class-wp-image-editor-imagick.php доступно 373

2021-11-19T09:34:44+00:00 CRITICAL Maximum execution time of 30 seconds exceeded у C:\MAMP\htdocs\wp-content\plugins\webp-converter-for-media\src\Conversion\Method\ImagickMethod.php доступно 47

2021-11-19T09:34:44+00:00 CRITICAL Maximum execution time of 30 seconds exceeded у C:\MAMP\htdocs\wp-content\plugins\webp-converter-for-media\src\Conversion\Method\ImagickMethod.php доступно 47

